<?xml version="1.0" encoding="UTF-8"?>
<testng-results ignored="0" total="1" passed="1" failed="0" skipped="0">
  <reporter-output>
  </reporter-output>
  <suite started-at="2023-03-08T20:15:30 IST" name="Default suite" finished-at="2023-03-08T20:15:38 IST" duration-ms="7832">
    <groups>
    </groups>
    <test started-at="2023-03-08T20:15:30 IST" name="Default test" finished-at="2023-03-08T20:15:38 IST" duration-ms="7832">
      <class name="com.facebook.tests.loginTest">
        <test-method signature="LoginTest()[pri:0, instance:com.facebook.tests.loginTest@d6e7bab]" started-at="2023-03-08T20:15:30 IST" name="LoginTest" finished-at="2023-03-08T20:15:37 IST" duration-ms="7090" status="PASS">
          <reporter-output>
          </reporter-output>
        </test-method> <!-- LoginTest -->
        <test-method is-config="true" signature="closeLoginPage()[pri:0, instance:com.facebook.tests.loginTest@d6e7bab]" started-at="2023-03-08T20:15:37 IST" name="closeLoginPage" finished-at="2023-03-08T20:15:38 IST" duration-ms="642" status="PASS">
          <reporter-output>
          </reporter-output>
        </test-method> <!-- closeLoginPage -->
      </class> <!-- com.facebook.tests.loginTest -->
    </test> <!-- Default test -->
  </suite> <!-- Default suite -->
</testng-results>
